\BOOKMARK [0][-]{section*.1}{\376\377\000D\000e\000c\000l\000a\000r\000a\000t\000i\000o\000n\000\040\000o\000f\000\040\000A\000u\000t\000h\000o\000r\000s\000h\000i\000p}{}% 1
\BOOKMARK [0][-]{section*.2}{\376\377\000A\000b\000s\000t\000r\000a\000c\000t}{}% 2
\BOOKMARK [0][-]{section*.3}{\376\377\000A\000c\000k\000n\000o\000w\000l\000e\000d\000g\000e\000m\000e\000n\000t\000s}{}% 3
\BOOKMARK [0][-]{chapter.11}{\376\377\000I\000n\000t\000r\000o\000d\000u\000c\000t\000i\000o\000n}{}% 4
\BOOKMARK [0][-]{chapter.13}{\376\377\000P\000r\000i\000m\000e\000r}{}% 5
\BOOKMARK [0][-]{chapter.16}{\376\377\000U\000n\000i\000d\000i\000m\000e\000n\000s\000i\000o\000n\000a\000l\000i\000t\000y\000\040\000A\000n\000a\000l\000y\000s\000i\000s}{}% 6
\BOOKMARK [1][-]{section.20}{\376\377\000R\000e\000l\000i\000a\000b\000i\000l\000i\000t\000y\000\040\000a\000n\000a\000l\000y\000s\000i\000s}{chapter.16}% 7
\BOOKMARK [2][-]{subsection.23}{\376\377\000B\000a\000d\000\040\000d\000e\000f\000a\000u\000l\000t\000s}{section.20}% 8
\BOOKMARK [2][-]{subsection.26}{\376\377\000D\000e\000c\000e\000n\000t\000\040\000a\000l\000t\000e\000r\000n\000a\000t\000i\000v\000e\000s}{section.20}% 9
\BOOKMARK [2][-]{subsection.27}{\376\377\000R\000e\000s\000e\000a\000r\000c\000h\000\040\000r\000e\000c\000o\000m\000m\000e\000n\000d\000a\000t\000i\000o\000n\000s}{section.20}% 10
\BOOKMARK [2][-]{subsection.28}{\376\377\000A\000d\000d\000i\000t\000i\000o\000n\000a\000l\000s}{section.20}% 11
\BOOKMARK [1][-]{section.29}{\376\377\000M\000e\000a\000s\000u\000r\000e\000m\000e\000n\000t}{chapter.16}% 12
\BOOKMARK [1][-]{section.31}{\376\377\000L\000a\000r\000g\000e\000\040\000d\000a\000t\000a\000\040\000s\000e\000t\000\040\000c\000h\000a\000l\000l\000e\000n\000g\000e}{chapter.16}% 13
\BOOKMARK [2][-]{subsection.33}{\376\377\000E\000x\000a\000m\000p\000l\000e\000\040\000c\000o\000d\000e}{section.31}% 14
\BOOKMARK [0][-]{chapter.38}{\376\377\000M\000u\000l\000t\000i\000d\000i\000m\000e\000n\000s\000i\000o\000n\000a\000l\000i\000t\000y\000\040\000a\000n\000a\000l\000y\000s\000i\000s}{}% 15
\BOOKMARK [1][-]{section.44}{\376\377\000F\000a\000c\000t\000o\000r\000\040\000a\000n\000a\000l\000y\000s\000i\000s}{chapter.38}% 16
\BOOKMARK [2][-]{subsection.47}{\376\377\000R\000e\000s\000e\000a\000r\000c\000h\000e\000r\040\031\000s\000\040\000p\000e\000r\000s\000p\000e\000c\000t\000i\000v\000e}{section.44}% 17
\BOOKMARK [2][-]{subsection.49}{\376\377\000R\000o\000b\000o\000t\040\031\000s\000\040\000p\000e\000r\000s\000p\000e\000c\000t\000i\000v\000e}{section.44}% 18
\BOOKMARK [2][-]{subsection.53}{\376\377\000T\000h\000r\000e\000e\000\040\000m\000a\000j\000o\000r\000\040\000p\000r\000o\000b\000l\000e\000m\000s}{section.44}% 19
\BOOKMARK [3][-]{section*.54}{\376\377\000C\000o\000m\000m\000u\000n\000a\000l\000i\000t\000y\000\040\000p\000r\000o\000b\000l\000e\000m}{subsection.53}% 20
\BOOKMARK [4][-]{section*.55}{\376\377\000R\000o\000b\000o\000t\040\031\000s\000\040\000p\000e\000r\000s\000p\000e\000c\000t\000i\000v\000e}{section*.54}% 21
\BOOKMARK [4][-]{section*.57}{\376\377\000R\000e\000s\000e\000a\000r\000c\000h\000e\000r\040\031\000s\000\040\000p\000e\000r\000s\000p\000e\000c\000t\000i\000v\000e}{section*.54}% 22
\BOOKMARK [4][-]{section*.58}{\376\377\000S\000o\000l\000u\000t\000i\000o\000n\000s}{section*.54}% 23
\BOOKMARK [4][-]{section*.66}{\376\377\000R\000e\000s\000e\000a\000r\000c\000h\000\040\000r\000e\000c\000o\000m\000m\000e\000n\000d\000a\000t\000i\000o\000n\000s}{section*.54}% 24
\BOOKMARK [4][-]{section*.68}{\376\377\000A\000d\000d\000i\000t\000i\000o\000n\000a\000l\000s}{section*.54}% 25
\BOOKMARK [3][-]{section*.69}{\376\377\000R\000o\000t\000a\000t\000i\000o\000n\000\040\000p\000r\000o\000b\000l\000e\000m}{subsection.53}% 26
\BOOKMARK [4][-]{section*.71}{\376\377\000R\000e\000s\000e\000a\000r\000c\000h\000e\000r\040\031\000s\000\040\000p\000e\000r\000s\000p\000e\000c\000t\000i\000v\000e}{section*.69}% 27
\BOOKMARK [4][-]{section*.73}{\376\377\000R\000o\000b\000o\000t\040\031\000s\000\040\000p\000e\000r\000s\000p\000e\000c\000t\000i\000v\000e}{section*.69}% 28
\BOOKMARK [4][-]{section*.77}{\376\377\000S\000o\000l\000u\000t\000i\000o\000n\000s}{section*.69}% 29
\BOOKMARK [4][-]{section*.86}{\376\377\000R\000e\000s\000e\000a\000r\000c\000h\000\040\000r\000e\000c\000o\000m\000m\000e\000n\000d\000a\000t\000i\000o\000n\000s}{section*.69}% 30
\BOOKMARK [4][-]{section*.89}{\376\377\000A\000d\000d\000i\000t\000i\000o\000n\000a\000l\000s}{section*.69}% 31
\BOOKMARK [3][-]{section*.90}{\376\377\000N\000u\000m\000b\000e\000r\000\040\000o\000f\000\040\000f\000a\000c\000t\000o\000r\000\040\000p\000r\000o\000b\000l\000e\000m}{subsection.53}% 32
\BOOKMARK [4][-]{section*.91}{\376\377\000R\000e\000s\000e\000a\000r\000c\000h\000e\000r\040\031\000s\000\040\000p\000e\000r\000s\000p\000e\000c\000t\000i\000v\000e}{section*.90}% 33
\BOOKMARK [4][-]{section*.92}{\376\377\000R\000o\000b\000o\000t\040\031\000s\000\040\000p\000e\000r\000s\000p\000e\000c\000t\000i\000v\000e}{section*.90}% 34
\BOOKMARK [4][-]{section*.96}{\376\377\000S\000o\000l\000u\000t\000i\000o\000n\000s}{section*.90}% 35
\BOOKMARK [4][-]{section*.112}{\376\377\000R\000e\000s\000e\000a\000r\000c\000h\000\040\000R\000e\000c\000o\000m\000m\000e\000n\000d\000a\000t\000i\000o\000n\000s}{section*.90}% 36
\BOOKMARK [4][-]{section*.113}{\376\377\000A\000d\000d\000i\000t\000i\000o\000n\000a\000l\000s}{section*.90}% 37
\BOOKMARK [1][-]{section.116}{\376\377\000F\000a\000c\000t\000o\000r\000\040\000s\000c\000o\000r\000e\000s\000\040\000\050\000M\000e\000a\000s\000u\000r\000e\000m\000e\000n\000t\000\051}{chapter.38}% 38
\BOOKMARK [1][-]{section.120}{\376\377\000E\000x\000a\000m\000p\000l\000e\000\040\000c\000o\000d\000e}{chapter.38}% 39
\BOOKMARK [0][-]{chapter.124}{\376\377\000M\000u\000l\000t\000i\000p\000l\000e\000\040\000u\000n\000i\000d\000i\000m\000e\000n\000s\000i\000o\000n\000a\000l\000i\000t\000y\000\040\000a\000n\000a\000l\000y\000s\000i\000s}{}% 40
\BOOKMARK [1][-]{section.126}{\376\377\000E\000x\000p\000l\000o\000r\000a\000t\000o\000r\000y\000\040\000L\000i\000k\000e\000r\000t\000\040\000s\000c\000a\000l\000i\000n\000g}{chapter.124}% 41
\BOOKMARK [2][-]{subsection.127}{\376\377\000B\000a\000d\000\040\000d\000e\000f\000a\000u\000l\000t\000s}{section.126}% 42
\BOOKMARK [2][-]{subsection.129}{\376\377\000D\000e\000c\000e\000n\000t\000\040\000a\000l\000t\000e\000r\000n\000a\000t\000i\000v\000e\000s}{section.126}% 43
\BOOKMARK [3][-]{section*.131}{\376\377\000R\000o\000b\000o\000t\040\031\000s\000\040\000p\000e\000r\000s\000p\000e\000c\000t\000i\000v\000e}{subsection.129}% 44
\BOOKMARK [3][-]{section*.133}{\376\377\000R\000e\000s\000e\000a\000r\000c\000h\000e\000r\040\031\000s\000\040\000p\000e\000r\000s\000p\000e\000c\000t\000i\000v\000e}{subsection.129}% 45
\BOOKMARK [2][-]{subsection.134}{\376\377\000R\000e\000s\000e\000a\000r\000c\000h\000\040\000r\000e\000c\000o\000m\000m\000e\000n\000d\000a\000t\000i\000o\000n\000s}{section.126}% 46
\BOOKMARK [1][-]{section.136}{\376\377\000M\000e\000a\000s\000u\000r\000e\000m\000e\000n\000t}{chapter.124}% 47
\BOOKMARK [1][-]{section.137}{\376\377\000E\000x\000a\000m\000p\000l\000e\000\040\000C\000o\000d\000e}{chapter.124}% 48
\BOOKMARK [0][-]{chapter.140}{\376\377\000C\000o\000n\000c\000l\000u\000d\000i\000n\000g\000\040\000r\000e\000m\000a\000r\000k\000s}{}% 49
\BOOKMARK [1][-]{section.141}{\376\377\000D\000i\000s\000c\000u\000s\000s\000i\000o\000n}{chapter.140}% 50
\BOOKMARK [1][-]{section.142}{\376\377\000C\000o\000n\000c\000l\000u\000s\000i\000o\000n}{chapter.140}% 51
\BOOKMARK [0][-]{appendix.144}{\376\377\000C\000o\000d\000e\000\040\000t\000o\000\040\000R\000e\000p\000r\000o\000d\000u\000c\000e\000\040\000t\000h\000e\000\040\000G\000r\000a\000p\000h\000i\000c\000s}{}% 52
\BOOKMARK [0][-]{appendix*.154}{\376\377\000B\000i\000b\000l\000i\000o\000g\000r\000a\000p\000h\000y}{}% 53
